<?xml version="1.0" encoding="UTF-8"?>
<testng-results skipped="0" failed="1" total="1" passed="0">
  <reporter-output>
  </reporter-output>
  <suite name="Default suite" duration-ms="8605" started-at="2021-08-25T13:01:52Z" finished-at="2021-08-25T13:02:01Z">
    <groups>
      <group name="cucumber">
        <method signature="AbstractTestNGCucumberTests.runScenario(io.cucumber.testng.PickleWrapper, io.cucumber.testng.FeatureWrapper)[pri:0, instance:runner.Runner@1134affc]" name="runScenario" class="io.cucumber.testng.AbstractTestNGCucumberTests"/>
      </group> <!-- cucumber -->
    </groups>
    <test name="Default test" duration-ms="8605" started-at="2021-08-25T13:01:52Z" finished-at="2021-08-25T13:02:01Z">
      <class name="runner.Runner">
        <test-method status="PASS" signature="setUpClass()[pri:0, instance:runner.Runner@1134affc]" name="setUpClass" is-config="true" duration-ms="310" started-at="2021-08-25T18:31:52Z" finished-at="2021-08-25T18:31:52Z">
          <reporter-output>
          </reporter-output>
        </test-method> <!-- setUpClass -->
        <test-method status="FAIL" signature="runScenario(io.cucumber.testng.PickleWrapper, io.cucumber.testng.FeatureWrapper)[pri:0, instance:runner.Runner@1134affc]" name="runScenario" duration-ms="8266" started-at="2021-08-25T18:31:52Z" description="Runs Cucumber Scenarios" data-provider="scenarios" finished-at="2021-08-25T18:32:01Z">
          <params>
            <param index="0">
              <value>
                <![CDATA["Login to the Application."]]>
              </value>
            </param>
            <param index="1">
              <value>
                <![CDATA["Optional[Order Items from PHP Travels Application.]"]]>
              </value>
            </param>
          </params>
          <exception class="org.openqa.selenium.SessionNotCreatedException">
            <message>
              <![CDATA[session not created
from disconnected: received Inspector.detached event
  (Session info: chrome=92.0.4515.159)
Build info: version: '3.141.59', revision: 'e82be7d358', time: '2018-11-14T08:25:53'
System info: host: 'LP-PF2Y1DJV', ip: '192.168.0.102', os.name: 'Windows 10', os.arch: 'amd64', os.version: '10.0', java.version: '1.8.0_301'
Driver info: driver.version: ChromeDriver
remote stacktrace: Backtrace:
	Ordinal0 [0x007C2A33+2501171]
	Ordinal0 [0x0075D1C1+2085313]
	Ordinal0 [0x00661FA8+1056680]
	Ordinal0 [0x00655474+1004660]
	Ordinal0 [0x006550B6+1003702]
	Ordinal0 [0x006547FA+1001466]
	Ordinal0 [0x0065398D+997773]
	Ordinal0 [0x00653C46+998470]
	Ordinal0 [0x00653535+996661]
	Ordinal0 [0x0065E0C4+1040580]
	Ordinal0 [0x006534F1+996593]
	Ordinal0 [0x00654416+1000470]
	Ordinal0 [0x0065398D+997773]
	Ordinal0 [0x00653C46+998470]
	Ordinal0 [0x00653535+996661]
	Ordinal0 [0x0065C13A+1032506]
	Ordinal0 [0x006534F1+996593]
	Ordinal0 [0x00654416+1000470]
	Ordinal0 [0x0065398D+997773]
	Ordinal0 [0x00653C46+998470]
	Ordinal0 [0x00653535+996661]
	Ordinal0 [0x00659FC9+1023945]
	Ordinal0 [0x006534F1+996593]
	Ordinal0 [0x00654416+1000470]
	Ordinal0 [0x0065398D+997773]
	Ordinal0 [0x00653C46+998470]
	Ordinal0 [0x00653535+996661]
	Ordinal0 [0x006592EC+1020652]
	Ordinal0 [0x006534F1+996593]
	Ordinal0 [0x00654416+1000470]
	Ordinal0 [0x0065398D+997773]
	Ordinal0 [0x00653C46+998470]
	Ordinal0 [0x00653535+996661]
	Ordinal0 [0x0064F10D+979213]
	Ordinal0 [0x006534F1+996593]
	Ordinal0 [0x00653290+995984]
	Ordinal0 [0x00653029+995369]
	Ordinal0 [0x006631C0+1061312]
	Ordinal0 [0x006AA93B+1354043]
	Ordinal0 [0x006A960A+1349130]
	Ordinal0 [0x006A551B+1332507]
	Ordinal0 [0x00681D74+1187188]
	Ordinal0 [0x00682BD9+1190873]
	GetHandleVerifier [0x0093EFE6+1504438]
	GetHandleVerifier [0x009EDDA5+2220661]
	GetHandleVerifier [0x00845589+481881]
	GetHandleVerifier [0x00844639+477961]
	Ordinal0 [0x007628BD+2107581]
	Ordinal0 [0x00766728+2123560]
	Ordinal0 [0x00766862+2123874]
	Ordinal0 [0x0076FA81+2161281]
	BaseThreadInitThunk [0x76486359+25]
	RtlGetAppContainerNamedObjectPath [0x77C287A4+228]
	RtlGetAppContainerNamedObjectPath [0x77C28774+180]
]]>
            </message>
            <full-stacktrace>
              <![CDATA[org.openqa.selenium.SessionNotCreatedException: session not created
from disconnected: received Inspector.detached event
  (Session info: chrome=92.0.4515.159)
Build info: version: '3.141.59', revision: 'e82be7d358', time: '2018-11-14T08:25:53'
System info: host: 'LP-PF2Y1DJV', ip: '192.168.0.102', os.name: 'Windows 10', os.arch: 'amd64', os.version: '10.0', java.version: '1.8.0_301'
Driver info: driver.version: ChromeDriver
remote stacktrace: Backtrace:
	Ordinal0 [0x007C2A33+2501171]
	Ordinal0 [0x0075D1C1+2085313]
	Ordinal0 [0x00661FA8+1056680]
	Ordinal0 [0x00655474+1004660]
	Ordinal0 [0x006550B6+1003702]
	Ordinal0 [0x006547FA+1001466]
	Ordinal0 [0x0065398D+997773]
	Ordinal0 [0x00653C46+998470]
	Ordinal0 [0x00653535+996661]
	Ordinal0 [0x0065E0C4+1040580]
	Ordinal0 [0x006534F1+996593]
	Ordinal0 [0x00654416+1000470]
	Ordinal0 [0x0065398D+997773]
	Ordinal0 [0x00653C46+998470]
	Ordinal0 [0x00653535+996661]
	Ordinal0 [0x0065C13A+1032506]
	Ordinal0 [0x006534F1+996593]
	Ordinal0 [0x00654416+1000470]
	Ordinal0 [0x0065398D+997773]
	Ordinal0 [0x00653C46+998470]
	Ordinal0 [0x00653535+996661]
	Ordinal0 [0x00659FC9+1023945]
	Ordinal0 [0x006534F1+996593]
	Ordinal0 [0x00654416+1000470]
	Ordinal0 [0x0065398D+997773]
	Ordinal0 [0x00653C46+998470]
	Ordinal0 [0x00653535+996661]
	Ordinal0 [0x006592EC+1020652]
	Ordinal0 [0x006534F1+996593]
	Ordinal0 [0x00654416+1000470]
	Ordinal0 [0x0065398D+997773]
	Ordinal0 [0x00653C46+998470]
	Ordinal0 [0x00653535+996661]
	Ordinal0 [0x0064F10D+979213]
	Ordinal0 [0x006534F1+996593]
	Ordinal0 [0x00653290+995984]
	Ordinal0 [0x00653029+995369]
	Ordinal0 [0x006631C0+1061312]
	Ordinal0 [0x006AA93B+1354043]
	Ordinal0 [0x006A960A+1349130]
	Ordinal0 [0x006A551B+1332507]
	Ordinal0 [0x00681D74+1187188]
	Ordinal0 [0x00682BD9+1190873]
	GetHandleVerifier [0x0093EFE6+1504438]
	GetHandleVerifier [0x009EDDA5+2220661]
	GetHandleVerifier [0x00845589+481881]
	GetHandleVerifier [0x00844639+477961]
	Ordinal0 [0x007628BD+2107581]
	Ordinal0 [0x00766728+2123560]
	Ordinal0 [0x00766862+2123874]
	Ordinal0 [0x0076FA81+2161281]
	BaseThreadInitThunk [0x76486359+25]
	RtlGetAppContainerNamedObjectPath [0x77C287A4+228]
	RtlGetAppContainerNamedObjectPath [0x77C28774+180]

	at sun.reflect.NativeConstructorAccessorImpl.newInstance0(Native Method)
	at sun.reflect.NativeConstructorAccessorImpl.newInstance(Unknown Source)
	at sun.reflect.DelegatingConstructorAccessorImpl.newInstance(Unknown Source)
	at java.lang.reflect.Constructor.newInstance(Unknown Source)
	at org.openqa.selenium.remote.W3CHandshakeResponse.lambda$errorHandler$0(W3CHandshakeResponse.java:62)
	at org.openqa.selenium.remote.HandshakeResponse.lambda$getResponseFunction$0(HandshakeResponse.java:30)
	at org.openqa.selenium.remote.ProtocolHandshake.lambda$createSession$0(ProtocolHandshake.java:126)
	at java.util.stream.ReferencePipeline$3$1.accept(Unknown Source)
	at java.util.Spliterators$ArraySpliterator.tryAdvance(Unknown Source)
	at java.util.stream.ReferencePipeline.forEachWithCancel(Unknown Source)
	at java.util.stream.AbstractPipeline.copyIntoWithCancel(Unknown Source)
	at java.util.stream.AbstractPipeline.copyInto(Unknown Source)
	at java.util.stream.AbstractPipeline.wrapAndCopyInto(Unknown Source)
	at java.util.stream.FindOps$FindOp.evaluateSequential(Unknown Source)
	at java.util.stream.AbstractPipeline.evaluate(Unknown Source)
	at java.util.stream.ReferencePipeline.findFirst(Unknown Source)
	at org.openqa.selenium.remote.ProtocolHandshake.createSession(ProtocolHandshake.java:128)
	at org.openqa.selenium.remote.ProtocolHandshake.createSession(ProtocolHandshake.java:74)
	at org.openqa.selenium.remote.HttpCommandExecutor.execute(HttpCommandExecutor.java:136)
	at org.openqa.selenium.remote.service.DriverCommandExecutor.execute(DriverCommandExecutor.java:83)
	at org.openqa.selenium.remote.RemoteWebDriver.execute(RemoteWebDriver.java:552)
	at org.openqa.selenium.remote.RemoteWebDriver.startSession(RemoteWebDriver.java:213)
	at org.openqa.selenium.remote.RemoteWebDriver.<init>(RemoteWebDriver.java:131)
	at org.openqa.selenium.chrome.ChromeDriver.<init>(ChromeDriver.java:181)
	at org.openqa.selenium.chrome.ChromeDriver.<init>(ChromeDriver.java:168)
	at org.openqa.selenium.chrome.ChromeDriver.<init>(ChromeDriver.java:123)
	at stepdefinition.Steps.launch_the_Application(Steps.java:20)
	at ?.Launch the Application.(file:///C:/Users/vigneshwar.k/workspace/BDD/Feature/Login.feature:3)
]]>
            </full-stacktrace>
          </exception> <!-- org.openqa.selenium.SessionNotCreatedException -->
          <reporter-output>
          </reporter-output>
        </test-method> <!-- runScenario -->
        <test-method status="PASS" signature="tearDownClass()[pri:0, instance:runner.Runner@1134affc]" name="tearDownClass" is-config="true" duration-ms="12" started-at="2021-08-25T18:32:01Z" finished-at="2021-08-25T18:32:01Z">
          <reporter-output>
          </reporter-output>
        </test-method> <!-- tearDownClass -->
      </class> <!-- runner.Runner -->
    </test> <!-- Default test -->
  </suite> <!-- Default suite -->
</testng-results>
