<?xml version="1.0" encoding="UTF-8"?>
<!-- Generated by org.testng.reporters.JUnitXMLReporter -->
<testsuite hostname="LP-PF2Y1DJV" name="Default test" tests="1" failures="1" timestamp="25 Aug 2021 13:02:01 GMT" time="8.605" errors="0">
  <testcase name="runScenario" time="8.266" classname="runner.Runner">
    <failure type="org.openqa.selenium.SessionNotCreatedException" message="session not created
from disconnected: received Inspector.detached event
  (Session info: chrome=92.0.4515.159)
Build info: version: &amp;apos;3.141.59&amp;apos;, revision: &amp;apos;e82be7d358&amp;apos;, time: &amp;apos;2018-11-14T08:25:53&amp;apos;
System info: host: &amp;apos;LP-PF2Y1DJV&amp;apos;, ip: &amp;apos;192.168.0.102&amp;apos;, os.name: &amp;apos;Windows 10&amp;apos;, os.arch: &amp;apos;amd64&amp;apos;, os.version: &amp;apos;10.0&amp;apos;, java.version: &amp;apos;1.8.0_301&amp;apos;
Driver info: driver.version: ChromeDriver
remote stacktrace: Backtrace:
	Ordinal0 [0x007C2A33+2501171]
	Ordinal0 [0x0075D1C1+2085313]
	Ordinal0 [0x00661FA8+1056680]
	Ordinal0 [0x00655474+1004660]
	Ordinal0 [0x006550B6+1003702]
	Ordinal0 [0x006547FA+1001466]
	Ordinal0 [0x0065398D+997773]
	Ordinal0 [0x00653C46+998470]
	Ordinal0 [0x00653535+996661]
	Ordinal0 [0x0065E0C4+1040580]
	Ordinal0 [0x006534F1+996593]
	Ordinal0 [0x00654416+1000470]
	Ordinal0 [0x0065398D+997773]
	Ordinal0 [0x00653C46+998470]
	Ordinal0 [0x00653535+996661]
	Ordinal0 [0x0065C13A+1032506]
	Ordinal0 [0x006534F1+996593]
	Ordinal0 [0x00654416+1000470]
	Ordinal0 [0x0065398D+997773]
	Ordinal0 [0x00653C46+998470]
	Ordinal0 [0x00653535+996661]
	Ordinal0 [0x00659FC9+1023945]
	Ordinal0 [0x006534F1+996593]
	Ordinal0 [0x00654416+1000470]
	Ordinal0 [0x0065398D+997773]
	Ordinal0 [0x00653C46+998470]
	Ordinal0 [0x00653535+996661]
	Ordinal0 [0x006592EC+1020652]
	Ordinal0 [0x006534F1+996593]
	Ordinal0 [0x00654416+1000470]
	Ordinal0 [0x0065398D+997773]
	Ordinal0 [0x00653C46+998470]
	Ordinal0 [0x00653535+996661]
	Ordinal0 [0x0064F10D+979213]
	Ordinal0 [0x006534F1+996593]
	Ordinal0 [0x00653290+995984]
	Ordinal0 [0x00653029+995369]
	Ordinal0 [0x006631C0+1061312]
	Ordinal0 [0x006AA93B+1354043]
	Ordinal0 [0x006A960A+1349130]
	Ordinal0 [0x006A551B+1332507]
	Ordinal0 [0x00681D74+1187188]
	Ordinal0 [0x00682BD9+1190873]
	GetHandleVerifier [0x0093EFE6+1504438]
	GetHandleVerifier [0x009EDDA5+2220661]
	GetHandleVerifier [0x00845589+481881]
	GetHandleVerifier [0x00844639+477961]
	Ordinal0 [0x007628BD+2107581]
	Ordinal0 [0x00766728+2123560]
	Ordinal0 [0x00766862+2123874]
	Ordinal0 [0x0076FA81+2161281]
	BaseThreadInitThunk [0x76486359+25]
	RtlGetAppContainerNamedObjectPath [0x77C287A4+228]
	RtlGetAppContainerNamedObjectPath [0x77C28774+180]
">
      <![CDATA[org.openqa.selenium.SessionNotCreatedException: session not created
from disconnected: received Inspector.detached event
  (Session info: chrome=92.0.4515.159)
Build info: version: '3.141.59', revision: 'e82be7d358', time: '2018-11-14T08:25:53'
System info: host: 'LP-PF2Y1DJV', ip: '192.168.0.102', os.name: 'Windows 10', os.arch: 'amd64', os.version: '10.0', java.version: '1.8.0_301'
Driver info: driver.version: ChromeDriver
remote stacktrace: Backtrace:
	Ordinal0 [0x007C2A33+2501171]
	Ordinal0 [0x0075D1C1+2085313]
	Ordinal0 [0x00661FA8+1056680]
	Ordinal0 [0x00655474+1004660]
	Ordinal0 [0x006550B6+1003702]
	Ordinal0 [0x006547FA+1001466]
	Ordinal0 [0x0065398D+997773]
	Ordinal0 [0x00653C46+998470]
	Ordinal0 [0x00653535+996661]
	Ordinal0 [0x0065E0C4+1040580]
	Ordinal0 [0x006534F1+996593]
	Ordinal0 [0x00654416+1000470]
	Ordinal0 [0x0065398D+997773]
	Ordinal0 [0x00653C46+998470]
	Ordinal0 [0x00653535+996661]
	Ordinal0 [0x0065C13A+1032506]
	Ordinal0 [0x006534F1+996593]
	Ordinal0 [0x00654416+1000470]
	Ordinal0 [0x0065398D+997773]
	Ordinal0 [0x00653C46+998470]
	Ordinal0 [0x00653535+996661]
	Ordinal0 [0x00659FC9+1023945]
	Ordinal0 [0x006534F1+996593]
	Ordinal0 [0x00654416+1000470]
	Ordinal0 [0x0065398D+997773]
	Ordinal0 [0x00653C46+998470]
	Ordinal0 [0x00653535+996661]
	Ordinal0 [0x006592EC+1020652]
	Ordinal0 [0x006534F1+996593]
	Ordinal0 [0x00654416+1000470]
	Ordinal0 [0x0065398D+997773]
	Ordinal0 [0x00653C46+998470]
	Ordinal0 [0x00653535+996661]
	Ordinal0 [0x0064F10D+979213]
	Ordinal0 [0x006534F1+996593]
	Ordinal0 [0x00653290+995984]
	Ordinal0 [0x00653029+995369]
	Ordinal0 [0x006631C0+1061312]
	Ordinal0 [0x006AA93B+1354043]
	Ordinal0 [0x006A960A+1349130]
	Ordinal0 [0x006A551B+1332507]
	Ordinal0 [0x00681D74+1187188]
	Ordinal0 [0x00682BD9+1190873]
	GetHandleVerifier [0x0093EFE6+1504438]
	GetHandleVerifier [0x009EDDA5+2220661]
	GetHandleVerifier [0x00845589+481881]
	GetHandleVerifier [0x00844639+477961]
	Ordinal0 [0x007628BD+2107581]
	Ordinal0 [0x00766728+2123560]
	Ordinal0 [0x00766862+2123874]
	Ordinal0 [0x0076FA81+2161281]
	BaseThreadInitThunk [0x76486359+25]
	RtlGetAppContainerNamedObjectPath [0x77C287A4+228]
	RtlGetAppContainerNamedObjectPath [0x77C28774+180]

	at sun.reflect.NativeConstructorAccessorImpl.newInstance0(Native Method)
	at sun.reflect.NativeConstructorAccessorImpl.newInstance(Unknown Source)
	at sun.reflect.DelegatingConstructorAccessorImpl.newInstance(Unknown Source)
	at java.lang.reflect.Constructor.newInstance(Unknown Source)
	at org.openqa.selenium.remote.W3CHandshakeResponse.lambda$errorHandler$0(W3CHandshakeResponse.java:62)
	at org.openqa.selenium.remote.HandshakeResponse.lambda$getResponseFunction$0(HandshakeResponse.java:30)
	at org.openqa.selenium.remote.ProtocolHandshake.lambda$createSession$0(ProtocolHandshake.java:126)
	at java.util.stream.ReferencePipeline$3$1.accept(Unknown Source)
	at java.util.Spliterators$ArraySpliterator.tryAdvance(Unknown Source)
	at java.util.stream.ReferencePipeline.forEachWithCancel(Unknown Source)
	at java.util.stream.AbstractPipeline.copyIntoWithCancel(Unknown Source)
	at java.util.stream.AbstractPipeline.copyInto(Unknown Source)
	at java.util.stream.AbstractPipeline.wrapAndCopyInto(Unknown Source)
	at java.util.stream.FindOps$FindOp.evaluateSequential(Unknown Source)
	at java.util.stream.AbstractPipeline.evaluate(Unknown Source)
	at java.util.stream.ReferencePipeline.findFirst(Unknown Source)
	at org.openqa.selenium.remote.ProtocolHandshake.createSession(ProtocolHandshake.java:128)
	at org.openqa.selenium.remote.ProtocolHandshake.createSession(ProtocolHandshake.java:74)
	at org.openqa.selenium.remote.HttpCommandExecutor.execute(HttpCommandExecutor.java:136)
	at org.openqa.selenium.remote.service.DriverCommandExecutor.execute(DriverCommandExecutor.java:83)
	at org.openqa.selenium.remote.RemoteWebDriver.execute(RemoteWebDriver.java:552)
	at org.openqa.selenium.remote.RemoteWebDriver.startSession(RemoteWebDriver.java:213)
	at org.openqa.selenium.remote.RemoteWebDriver.<init>(RemoteWebDriver.java:131)
	at org.openqa.selenium.chrome.ChromeDriver.<init>(ChromeDriver.java:181)
	at org.openqa.selenium.chrome.ChromeDriver.<init>(ChromeDriver.java:168)
	at org.openqa.selenium.chrome.ChromeDriver.<init>(ChromeDriver.java:123)
	at stepdefinition.Steps.launch_the_Application(Steps.java:20)
	at ✽.Launch the Application.(file:///C:/Users/vigneshwar.k/workspace/BDD/Feature/Login.feature:3)
]]>
    </failure>
  </testcase> <!-- runScenario -->
</testsuite> <!-- Default test -->
